<?xml version="1.0" encoding="UTF-8"?>
<testng-results ignored="0" total="1" passed="1" failed="0" skipped="0">
  <reporter-output>
  </reporter-output>
  <suite started-at="2021-07-29T10:38:57 IST" name="Default suite" finished-at="2021-07-29T10:39:10 IST" duration-ms="12767">
    <groups>
    </groups>
    <test started-at="2021-07-29T10:38:57 IST" name="Default test" finished-at="2021-07-29T10:39:10 IST" duration-ms="12767">
      <class name="login.LoginTest">
        <test-method is-config="true" signature="setUp()[pri:0, instance:login.LoginTest@696da30b]" started-at="2021-07-29T10:38:57 IST" name="setUp" finished-at="2021-07-29T10:39:07 IST" duration-ms="9436" status="PASS">
          <reporter-output>
          </reporter-output>
        </test-method> <!-- setUp -->
        <test-method signature="testSuccessfullLogin()[pri:0, instance:login.LoginTest@696da30b]" started-at="2021-07-29T10:39:07 IST" name="testSuccessfullLogin" finished-at="2021-07-29T10:39:09 IST" duration-ms="2560" status="PASS">
          <reporter-output>
          </reporter-output>
        </test-method> <!-- testSuccessfullLogin -->
        <test-method is-config="true" signature="tearDown()[pri:0, instance:login.LoginTest@696da30b]" started-at="2021-07-29T10:39:09 IST" name="tearDown" finished-at="2021-07-29T10:39:10 IST" duration-ms="697" status="PASS">
          <reporter-output>
          </reporter-output>
        </test-method> <!-- tearDown -->
      </class> <!-- login.LoginTest -->
    </test> <!-- Default test -->
  </suite> <!-- Default suite -->
</testng-results>
